1591573009006	mozrunner::runner	INFO	Running command: "C:\\Program Files\\Mozilla Firefox\\firefox.exe" "-marionette" "-headless" "-foreground" "-no-remote" "-profile" "C:\\Users\\isaac\\AppData\\Local\\Temp\\rust_mozprofile.MvUWuQttzDqk"
*** You are running in headless mode.
1591573009385	addons.webextension.doh-rollout@mozilla.org	WARN	Loading extension 'doh-rollout@mozilla.org': Reading manifest: Invalid extension permission: networkStatus
1591573009412	addons.webextension.screenshots@mozilla.org	WARN	Loading extension 'screenshots@mozilla.org': Reading manifest: Invalid extension permission: mozillaAddons
1591573009412	addons.webextension.screenshots@mozilla.org	WARN	Loading extension 'screenshots@mozilla.org': Reading manifest: Invalid extension permission: telemetry
1591573009413	addons.webextension.screenshots@mozilla.org	WARN	Loading extension 'screenshots@mozilla.org': Reading manifest: Invalid extension permission: resource://pdf.js/
1591573009413	addons.webextension.screenshots@mozilla.org	WARN	Loading extension 'screenshots@mozilla.org': Reading manifest: Invalid extension permission: about:reader*
JavaScript error: resource://gre/modules/XULStore.jsm, line 66: Error: Can't find profile directory.
1591573010849	Marionette	INFO	Listening on port 53080
1591573011047	Marionette	WARN	TLS certificate errors will be ignored for this session
Exiting due to channel error.
1591990419737	mozrunner::runner	INFO	Running command: "C:\\Program Files\\Mozilla Firefox\\firefox.exe" "-marionette" "-foreground" "-no-remote" "-profile" "C:\\Users\\isaac\\AppData\\Local\\Temp\\rust_mozprofile.ijALYyB35ZS9"
1591990420063	addons.webextension.doh-rollout@mozilla.org	WARN	Loading extension 'doh-rollout@mozilla.org': Reading manifest: Invalid extension permission: networkStatus
1591990420373	addons.webextension.screenshots@mozilla.org	WARN	Loading extension 'screenshots@mozilla.org': Reading manifest: Invalid extension permission: mozillaAddons
1591990420373	addons.webextension.screenshots@mozilla.org	WARN	Loading extension 'screenshots@mozilla.org': Reading manifest: Invalid extension permission: telemetry
1591990420373	addons.webextension.screenshots@mozilla.org	WARN	Loading extension 'screenshots@mozilla.org': Reading manifest: Invalid extension permission: resource://pdf.js/
1591990420373	addons.webextension.screenshots@mozilla.org	WARN	Loading extension 'screenshots@mozilla.org': Reading manifest: Invalid extension permission: about:reader*
JavaScript error: resource://gre/modules/XULStore.jsm, line 66: Error: Can't find profile directory.
1591990421885	Marionette	INFO	Listening on port 54000
1591990422345	Marionette	WARN	TLS certificate errors will be ignored for this session
JavaScript error: https://bestbuycanada.my.salesforce.com/embeddedservice/5.0/frame/broadcast.esw.min.js, line 20: SecurityError: The operation is insecure.
JavaScript error: https://bestbuycanada.my.salesforce.com/embeddedservice/5.0/frame/session.esw.min.js, line 1: SecurityError: The operation is insecure.
JavaScript error: https://bestbuycanada.my.salesforce.com/embeddedservice/5.0/frame/chasitor.esw.min.js, line 1: TypeError: A.broadcastAPI is undefined
1591990618666	Marionette	INFO	Stopped listening on port 54000

###!!! [Child][MessageChannel::SendAndWait] Error: Channel error: cannot send/recv

1591990712249	mozrunner::runner	INFO	Running command: "C:\\Program Files\\Mozilla Firefox\\firefox.exe" "-marionette" "-foreground" "-no-remote" "-profile" "C:\\Users\\isaac\\AppData\\Local\\Temp\\rust_mozprofile.BobzNRxPEmr5"
1591990712577	addons.webextension.doh-rollout@mozilla.org	WARN	Loading extension 'doh-rollout@mozilla.org': Reading manifest: Invalid extension permission: networkStatus
1591990712905	addons.webextension.screenshots@mozilla.org	WARN	Loading extension 'screenshots@mozilla.org': Reading manifest: Invalid extension permission: mozillaAddons
1591990712905	addons.webextension.screenshots@mozilla.org	WARN	Loading extension 'screenshots@mozilla.org': Reading manifest: Invalid extension permission: telemetry
1591990712905	addons.webextension.screenshots@mozilla.org	WARN	Loading extension 'screenshots@mozilla.org': Reading manifest: Invalid extension permission: resource://pdf.js/
1591990712905	addons.webextension.screenshots@mozilla.org	WARN	Loading extension 'screenshots@mozilla.org': Reading manifest: Invalid extension permission: about:reader*
JavaScript error: resource://gre/modules/XULStore.jsm, line 66: Error: Can't find profile directory.
1591990714438	Marionette	INFO	Listening on port 54304
1591990714859	Marionette	WARN	TLS certificate errors will be ignored for this session
JavaScript error: https://bestbuycanada.my.salesforce.com/embeddedservice/5.0/frame/broadcast.esw.min.js, line 20: SecurityError: The operation is insecure.
JavaScript error: https://bestbuycanada.my.salesforce.com/embeddedservice/5.0/frame/session.esw.min.js, line 1: SecurityError: The operation is insecure.
JavaScript error: https://bestbuycanada.my.salesforce.com/embeddedservice/5.0/frame/chasitor.esw.min.js, line 1: TypeError: A.broadcastAPI is undefined
1591990951156	Marionette	INFO	Stopped listening on port 54304

###!!! [Child][RunMessage] Error: Channel closing: too late to send/recv, messages will be lost


###!!! [Child][MessageChannel::SendAndWait] Error: Channel error: cannot send/recv

xtension.doh-rollout@mozilla.org	WARN	Loading extension 'doh-rollout@mozilla.org': Reading manifest: Invalid extension permission: networkStatus
1591990896888	addons.webextension.screenshots@mozilla.org	WARN	Loading extension 'screenshots@mozilla.org': Reading manifest: Invalid extension permission: mozillaAddons
1591990896888	addons.webextension.screenshots@mozilla.org	WARN	Loading extension 'screenshots@mozilla.org': Reading manifest: Invalid extension permission: telemetry
1591990896888	addons.webextension.screenshots@mozilla.org	WARN	Loading extension 'screenshots@mozilla.org': Reading manifest: Invalid extension permission: resource://pdf.js/
1591990896888	addons.webextension.screenshots@mozilla.org	WARN	Loading extension 'screenshots@mozilla.org': Reading manifest: Invalid extension permission: about:reader*
JavaScript error: resource://gre/modules/XULStore.jsm, line 66: Error: Can't find profile directory.
1591990898544	Marionette	INFO	Listening on port 54558
1591990898817	Marionette	WARN	TLS certificate errors will be ignored for this session
JavaScript error: https://bestbuycanada.my.salesforce.com/embeddedservice/5.0/frame/broadcast.esw.min.js, line 20: SecurityError: The operation is insecure.
JavaScript error: https://bestbuycanada.my.salesforce.com/embeddedservice/5.0/frame/session.esw.min.js, line 1: SecurityError: The operation is insecure.
JavaScript error: https://bestbuycanada.my.salesforce.com/embeddedservice/5.0/frame/chasitor.esw.min.js, line 1: TypeError: A.broadcastAPI is undefined
1591991016880	Marionette	INFO	Stopped listening on port 54558

###!!! [Child][RunMessage] Error: Channel closing: too late to send/recv, messages will be lost


###!!! [Child][MessageChannel::SendAndWait] Error: Channel error: cannot send/recv

xtension.doh-rollout@mozilla.org	WARN	Loading extension 'doh-rollout@mozilla.org': Reading manifest: Invalid extension permission: networkStatus
1591990957869	addons.webextension.screenshots@mozilla.org	WARN	Loading extension 'screenshots@mozilla.org': Reading manifest: Invalid extension permission: mozillaAddons
1591990957869	addons.webextension.screenshots@mozilla.org	WARN	Loading extension 'screenshots@mozilla.org': Reading manifest: Invalid extension permission: telemetry
1591990957869	addons.webextension.screenshots@mozilla.org	WARN	Loading extension 'screenshots@mozilla.org': Reading manifest: Invalid extension permission: resource://pdf.js/
1591990957870	addons.webextension.screenshots@mozilla.org	WARN	Loading extension 'screenshots@mozilla.org': Reading manifest: Invalid extension permission: about:reader*
JavaScript error: resource://gre/modules/XULStore.jsm, line 66: Error: Can't find profile directory.
1591990959437	Marionette	INFO	Listening on port 54693
1591990959819	Marionette	WARN	TLS certificate errors will be ignored for this session
JavaScript error: https://bestbuycanada.my.salesforce.com/embeddedservice/5.0/frame/broadcast.esw.min.js, line 20: SecurityError: The operation is insecure.
JavaScript error: https://bestbuycanada.my.salesforce.com/embeddedservice/5.0/frame/session.esw.min.js, line 1: SecurityError: The operation is insecure.
JavaScript error: https://bestbuycanada.my.salesforce.com/embeddedservice/5.0/frame/chasitor.esw.min.js, line 1: TypeError: A.broadcastAPI is undefined
1591991016126	Marionette	INFO	Stopped listening on port 54693

###!!! [Child][RunMessage] Error: Channel closing: too late to send/recv, messages will be lost


###!!! [Child][MessageChannel::SendAndWait] Error: Channel error: cannot send/recv

1591991026378	mozrunner::runner	INFO	Running command: "C:\\Program Files\\Mozilla Firefox\\firefox.exe" "-marionette" "-foreground" "-no-remote" "-profile" "C:\\Users\\isaac\\AppData\\Local\\Temp\\rust_mozprofile.re1R0lrX7P9c"
1591991026709	addons.webextension.doh-rollout@mozilla.org	WARN	Loading extension 'doh-rollout@mozilla.org': Reading manifest: Invalid extension permission: networkStatus
1591991027048	addons.webextension.screenshots@mozilla.org	WARN	Loading extension 'screenshots@mozilla.org': Reading manifest: Invalid extension permission: mozillaAddons
1591991027048	addons.webextension.screenshots@mozilla.org	WARN	Loading extension 'screenshots@mozilla.org': Reading manifest: Invalid extension permission: telemetry
1591991027048	addons.webextension.screenshots@mozilla.org	WARN	Loading extension 'screenshots@mozilla.org': Reading manifest: Invalid extension permission: resource://pdf.js/
1591991027048	addons.webextension.screenshots@mozilla.org	WARN	Loading extension 'screenshots@mozilla.org': Reading manifest: Invalid extension permission: about:reader*
JavaScript error: resource://gre/modules/XULStore.jsm, line 66: Error: Can't find profile directory.
1591991028528	Marionette	INFO	Listening on port 54847
1591991028988	Marionette	WARN	TLS certificate errors will be ignored for this session
JavaScript error: https://bestbuycanada.my.salesforce.com/embeddedservice/5.0/frame/broadcast.esw.min.js, line 20: SecurityError: The operation is insecure.
JavaScript error: https://bestbuycanada.my.salesforce.com/embeddedservice/5.0/frame/session.esw.min.js, line 1: SecurityError: The operation is insecure.
JavaScript error: https://bestbuycanada.my.salesforce.com/embeddedservice/5.0/frame/chasitor.esw.min.js, line 1: TypeError: A.broadcastAPI is undefined
1591991139714	Marionette	INFO	Stopped listening on port 54847

###!!! [Child][RunMessage] Error: Channel closing: too late to send/recv, messages will be lost


###!!! [Child][MessageChannel::SendAndWait] Error: Channel error: cannot send/recv

1591991145626	mozrunner::runner	INFO	Running command: "C:\\Program Files\\Mozilla Firefox\\firefox.exe" "-marionette" "-headless" "-foreground" "-no-remote" "-profile" "C:\\Users\\isaac\\AppData\\Local\\Temp\\rust_mozprofile.FEKibBRcFpwg"
*** You are running in headless mode.
1591991145961	addons.webextension.doh-rollout@mozilla.org	WARN	Loading extension 'doh-rollout@mozilla.org': Reading manifest: Invalid extension permission: networkStatus
1591991146284	addons.webextension.screenshots@mozilla.org	WARN	Loading extension 'screenshots@mozilla.org': Reading manifest: Invalid extension permission: mozillaAddons
1591991146284	addons.webextension.screenshots@mozilla.org	WARN	Loading extension 'screenshots@mozilla.org': Reading manifest: Invalid extension permission: telemetry
1591991146284	addons.webextension.screenshots@mozilla.org	WARN	Loading extension 'screenshots@mozilla.org': Reading manifest: Invalid extension permission: resource://pdf.js/
1591991146284	addons.webextension.screenshots@mozilla.org	WARN	Loading extension 'screenshots@mozilla.org': Reading manifest: Invalid extension permission: about:reader*
JavaScript error: resource://gre/modules/XULStore.jsm, line 66: Error: Can't find profile directory.
1591991147674	Marionette	INFO	Listening on port 55035
1591991147757	Marionette	WARN	TLS certificate errors will be ignored for this session
JavaScript warning: https://assets.adobedtm.com/launch-EN048473b7b22f4c66a2858404e3c8219d.min.js, line 8: Error: WebGL warning: <SetDimensions>: Can't use WebGL in headless mode (https://bugzil.la/1375585).
JavaScript warning: https://assets.adobedtm.com/launch-EN048473b7b22f4c66a2858404e3c8219d.min.js, line 8: Error: WebGL warning: <SetDimensions>: Failed to create WebGL context: WebGL creation failed: 
* Can't use WebGL in headless mode (https://bugzil.la/1375585).
JavaScript warning: https://assets.adobedtm.com/launch-EN048473b7b22f4c66a2858404e3c8219d.min.js, line 8: Error: WebGL warning: <SetDimensions>: Can't use WebGL in headless mode (https://bugzil.la/1375585).
JavaScript warning: https://assets.adobedtm.com/launch-EN048473b7b22f4c66a2858404e3c8219d.min.js, line 8: Error: WebGL warning: <SetDimensions>: Failed to create WebGL context: WebGL creation failed: 
* Can't use WebGL in headless mode (https://bugzil.la/1375585).
JavaScript error: https://bestbuycanada.my.salesforce.com/embeddedservice/5.0/frame/broadcast.esw.min.js, line 20: SecurityError: The operation is insecure.
JavaScript error: https://bestbuycanada.my.salesforce.com/embeddedservice/5.0/frame/session.esw.min.js, line 1: SecurityError: The operation is insecure.
JavaScript error: https://bestbuycanada.my.salesforce.com/embeddedservice/5.0/frame/chasitor.esw.min.js, line 1: TypeError: A.broadcastAPI is undefined
1591991154919	Marionette	INFO	Stopped listening on port 55035
1591991199772	mozrunner::runner	INFO	Running command: "C:\\Program Files\\Mozilla Firefox\\firefox.exe" "-marionette" "-headless" "-foreground" "-no-remote" "-profile" "C:\\Users\\isaac\\AppData\\Local\\Temp\\rust_mozprofile.3GqEvZCkIm5a"
*** You are running in headless mode.
1591991200093	addons.webextension.doh-rollout@mozilla.org	WARN	Loading extension 'doh-rollout@mozilla.org': Reading manifest: Invalid extension permission: networkStatus
1591991200418	addons.webextension.screenshots@mozilla.org	WARN	Loading extension 'screenshots@mozilla.org': Reading manifest: Invalid extension permission: mozillaAddons
1591991200418	addons.webextension.screenshots@mozilla.org	WARN	Loading extension 'screenshots@mozilla.org': Reading manifest: Invalid extension permission: telemetry
1591991200419	addons.webextension.screenshots@mozilla.org	WARN	Loading extension 'screenshots@mozilla.org': Reading manifest: Invalid extension permission: resource://pdf.js/
1591991200419	addons.webextension.screenshots@mozilla.org	WARN	Loading extension 'screenshots@mozilla.org': Reading manifest: Invalid extension permission: about:reader*
JavaScript error: resource://gre/modules/XULStore.jsm, line 66: Error: Can't find profile directory.
1591991201772	Marionette	INFO	Listening on port 55139
1591991201782	Marionette	WARN	TLS certificate errors will be ignored for this session
JavaScript warning: https://assets.adobedtm.com/launch-EN048473b7b22f4c66a2858404e3c8219d.min.js, line 8: Error: WebGL warning: <SetDimensions>: Can't use WebGL in headless mode (https://bugzil.la/1375585).
JavaScript warning: https://assets.adobedtm.com/launch-EN048473b7b22f4c66a2858404e3c8219d.min.js, line 8: Error: WebGL warning: <SetDimensions>: Failed to create WebGL context: WebGL creation failed: 
* Can't use WebGL in headless mode (https://bugzil.la/1375585).
JavaScript warning: https://assets.adobedtm.com/launch-EN048473b7b22f4c66a2858404e3c8219d.min.js, line 8: Error: WebGL warning: <SetDimensions>: Can't use WebGL in headless mode (https://bugzil.la/1375585).
JavaScript warning: https://assets.adobedtm.com/launch-EN048473b7b22f4c66a2858404e3c8219d.min.js, line 8: Error: WebGL warning: <SetDimensions>: Failed to create WebGL context: WebGL creation failed: 
* Can't use WebGL in headless mode (https://bugzil.la/1375585).
JavaScript error: https://bestbuycanada.my.salesforce.com/embeddedservice/5.0/frame/broadcast.esw.min.js, line 20: SecurityError: The operation is insecure.
JavaScript error: https://bestbuycanada.my.salesforce.com/embeddedservice/5.0/frame/session.esw.min.js, line 1: SecurityError: The operation is insecure.
JavaScript error: https://bestbuycanada.my.salesforce.com/embeddedservice/5.0/frame/chasitor.esw.min.js, line 1: TypeError: A.broadcastAPI is undefined
1591991209000	Marionette	INFO	Stopped listening on port 55139
1591991294856	mozrunner::runner	INFO	Running command: "C:\\Program Files\\Mozilla Firefox\\firefox.exe" "-marionette" "-headless" "-foreground" "-no-remote" "-profile" "C:\\Users\\isaac\\AppData\\Local\\Temp\\rust_mozprofile.ORafWmxuRYVW"
*** You are running in headless mode.
1591991295182	addons.webextension.doh-rollout@mozilla.org	WARN	Loading extension 'doh-rollout@mozilla.org': Reading manifest: Invalid extension permission: networkStatus
1591991295496	addons.webextension.screenshots@mozilla.org	WARN	Loading extension 'screenshots@mozilla.org': Reading manifest: Invalid extension permission: mozillaAddons
1591991295496	addons.webextension.screenshots@mozilla.org	WARN	Loading extension 'screenshots@mozilla.org': Reading manifest: Invalid extension permission: telemetry
1591991295496	addons.webextension.screenshots@mozilla.org	WARN	Loading extension 'screenshots@mozilla.org': Reading manifest: Invalid extension permission: resource://pdf.js/
1591991295496	addons.webextension.screenshots@mozilla.org	WARN	Loading extension 'screenshots@mozilla.org': Reading manifest: Invalid extension permission: about:reader*
JavaScript error: resource://gre/modules/XULStore.jsm, line 66: Error: Can't find profile directory.
1591991296892	Marionette	INFO	Listening on port 55287
1591991296969	Marionette	WARN	TLS certificate errors will be ignored for this session
JavaScript warning: https://assets.adobedtm.com/launch-EN048473b7b22f4c66a2858404e3c8219d.min.js, line 8: Error: WebGL warning: <SetDimensions>: Can't use WebGL in headless mode (https://bugzil.la/1375585).
JavaScript warning: https://assets.adobedtm.com/launch-EN048473b7b22f4c66a2858404e3c8219d.min.js, line 8: Error: WebGL warning: <SetDimensions>: Failed to create WebGL context: WebGL creation failed: 
* Can't use WebGL in headless mode (https://bugzil.la/1375585).
JavaScript warning: https://assets.adobedtm.com/launch-EN048473b7b22f4c66a2858404e3c8219d.min.js, line 8: Error: WebGL warning: <SetDimensions>: Can't use WebGL in headless mode (https://bugzil.la/1375585).
JavaScript warning: https://assets.adobedtm.com/launch-EN048473b7b22f4c66a2858404e3c8219d.min.js, line 8: Error: WebGL warning: <SetDimensions>: Failed to create WebGL context: WebGL creation failed: 
* Can't use WebGL in headless mode (https://bugzil.la/1375585).
JavaScript error: https://bestbuycanada.my.salesforce.com/embeddedservice/5.0/frame/broadcast.esw.min.js, line 20: SecurityError: The operation is insecure.
JavaScript error: https://bestbuycanada.my.salesforce.com/embeddedservice/5.0/frame/session.esw.min.js, line 1: SecurityError: The operation is insecure.
JavaScript error: https://bestbuycanada.my.salesforce.com/embeddedservice/5.0/frame/chasitor.esw.min.js, line 1: TypeError: A.broadcastAPI is undefined
1591991314077	Marionette	INFO	Stopped listening on port 55287
1591991369676	mozrunner::runner	INFO	Running command: "C:\\Program Files\\Mozilla Firefox\\firefox.exe" "-marionette" "-headless" "-foreground" "-no-remote" "-profile" "C:\\Users\\isaac\\AppData\\Local\\Temp\\rust_mozprofile.m1OLYq7j8n5q"
*** You are running in headless mode.
1591991369997	addons.webextension.doh-rollout@mozilla.org	WARN	Loading extension 'doh-rollout@mozilla.org': Reading manifest: Invalid extension permission: networkStatus
1591991370321	addons.webextension.screenshots@mozilla.org	WARN	Loading extension 'screenshots@mozilla.org': Reading manifest: Invalid extension permission: mozillaAddons
1591991370321	addons.webextension.screenshots@mozilla.org	WARN	Loading extension 'screenshots@mozilla.org': Reading manifest: Invalid extension permission: telemetry
1591991370321	addons.webextension.screenshots@mozilla.org	WARN	Loading extension 'screenshots@mozilla.org': Reading manifest: Invalid extension permission: resource://pdf.js/
1591991370321	addons.webextension.screenshots@mozilla.org	WARN	Loading extension 'screenshots@mozilla.org': Reading manifest: Invalid extension permission: about:reader*
JavaScript error: resource://gre/modules/XULStore.jsm, line 66: Error: Can't find profile directory.
1591991371714	Marionette	INFO	Listening on port 55424
1591991371797	Marionette	WARN	TLS certificate errors will be ignored for this session
JavaScript warning: https://assets.adobedtm.com/launch-EN048473b7b22f4c66a2858404e3c8219d.min.js, line 8: Error: WebGL warning: <SetDimensions>: Can't use WebGL in headless mode (https://bugzil.la/1375585).
JavaScript warning: https://assets.adobedtm.com/launch-EN048473b7b22f4c66a2858404e3c8219d.min.js, line 8: Error: WebGL warning: <SetDimensions>: Failed to create WebGL context: WebGL creation failed: 
* Can't use WebGL in headless mode (https://bugzil.la/1375585).
JavaScript warning: https://assets.adobedtm.com/launch-EN048473b7b22f4c66a2858404e3c8219d.min.js, line 8: Error: WebGL warning: <SetDimensions>: Can't use WebGL in headless mode (https://bugzil.la/1375585).
JavaScript warning: https://assets.adobedtm.com/launch-EN048473b7b22f4c66a2858404e3c8219d.min.js, line 8: Error: WebGL warning: <SetDimensions>: Failed to create WebGL context: WebGL creation failed: 
* Can't use WebGL in headless mode (https://bugzil.la/1375585).
JavaScript error: https://bestbuycanada.my.salesforce.com/embeddedservice/5.0/frame/broadcast.esw.min.js, line 20: SecurityError: The operation is insecure.
JavaScript error: https://bestbuycanada.my.salesforce.com/embeddedservice/5.0/frame/session.esw.min.js, line 1: SecurityError: The operation is insecure.
JavaScript error: https://bestbuycanada.my.salesforce.com/embeddedservice/5.0/frame/chasitor.esw.min.js, line 1: TypeError: A.broadcastAPI is undefined
1591991855082	mozrunner::runner	INFO	Running command: "C:\\Program Files\\Mozilla Firefox\\firefox.exe" "-marionette" "-headless" "-foreground" "-no-remote" "-profile" "C:\\Users\\isaac\\AppData\\Local\\Temp\\rust_mozprofile.d8ORSRZK4FDt"
*** You are running in headless mode.
1591991855411	addons.webextension.doh-rollout@mozilla.org	WARN	Loading extension 'doh-rollout@mozilla.org': Reading manifest: Invalid extension permission: networkStatus
1591991855732	addons.webextension.screenshots@mozilla.org	WARN	Loading extension 'screenshots@mozilla.org': Reading manifest: Invalid extension permission: mozillaAddons
1591991855732	addons.webextension.screenshots@mozilla.org	WARN	Loading extension 'screenshots@mozilla.org': Reading manifest: Invalid extension permission: telemetry
1591991855732	addons.webextension.screenshots@mozilla.org	WARN	Loading extension 'screenshots@mozilla.org': Reading manifest: Invalid extension permission: resource://pdf.js/
1591991855732	addons.webextension.screenshots@mozilla.org	WARN	Loading extension 'screenshots@mozilla.org': Reading manifest: Invalid extension permission: about:reader*
JavaScript error: resource://gre/modules/XULStore.jsm, line 66: Error: Can't find profile directory.
1591991857173	Marionette	INFO	Listening on port 55871
1591991857192	Marionette	WARN	TLS certificate errors will be ignored for this session
JavaScript warning: https://assets.adobedtm.com/launch-EN048473b7b22f4c66a2858404e3c8219d.min.js, line 8: Error: WebGL warning: <SetDimensions>: Can't use WebGL in headless mode (https://bugzil.la/1375585).
JavaScript warning: https://assets.adobedtm.com/launch-EN048473b7b22f4c66a2858404e3c8219d.min.js, line 8: Error: WebGL warning: <SetDimensions>: Failed to create WebGL context: WebGL creation failed: 
* Can't use WebGL in headless mode (https://bugzil.la/1375585).
JavaScript warning: https://assets.adobedtm.com/launch-EN048473b7b22f4c66a2858404e3c8219d.min.js, line 8: Error: WebGL warning: <SetDimensions>: Can't use WebGL in headless mode (https://bugzil.la/1375585).
JavaScript warning: https://assets.adobedtm.com/launch-EN048473b7b22f4c66a2858404e3c8219d.min.js, line 8: Error: WebGL warning: <SetDimensions>: Failed to create WebGL context: WebGL creation failed: 
* Can't use WebGL in headless mode (https://bugzil.la/1375585).
JavaScript error: https://bestbuycanada.my.salesforce.com/embeddedservice/5.0/frame/broadcast.esw.min.js, line 20: SecurityError: The operation is insecure.
JavaScript error: https://bestbuycanada.my.salesforce.com/embeddedservice/5.0/frame/session.esw.min.js, line 1: SecurityError: The operation is insecure.
JavaScript error: https://bestbuycanada.my.salesforce.com/embeddedservice/5.0/frame/chasitor.esw.min.js, line 1: TypeError: A.broadcastAPI is undefined
1591991884223	Marionette	INFO	Stopped listening on port 55871
1591991925118	mozrunner::runner	INFO	Running command: "C:\\Program Files\\Mozilla Firefox\\firefox.exe" "-marionette" "-headless" "-foreground" "-no-remote" "-profile" "C:\\Users\\isaac\\AppData\\Local\\Temp\\rust_mozprofile.6d6pf5unn0RL"
*** You are running in headless mode.
1591991925436	addons.webextension.doh-rollout@mozilla.org	WARN	Loading extension 'doh-rollout@mozilla.org': Reading manifest: Invalid extension permission: networkStatus
1591991925760	addons.webextension.screenshots@mozilla.org	WARN	Loading extension 'screenshots@mozilla.org': Reading manifest: Invalid extension permission: mozillaAddons
1591991925760	addons.webextension.screenshots@mozilla.org	WARN	Loading extension 'screenshots@mozilla.org': Reading manifest: Invalid extension permission: telemetry
1591991925760	addons.webextension.screenshots@mozilla.org	WARN	Loading extension 'screenshots@mozilla.org': Reading manifest: Invalid extension permission: resource://pdf.js/
1591991925760	addons.webextension.screenshots@mozilla.org	WARN	Loading extension 'screenshots@mozilla.org': Reading manifest: Invalid extension permission: about:reader*
JavaScript error: resource://gre/modules/XULStore.jsm, line 66: Error: Can't find profile directory.
1591991927161	Marionette	INFO	Listening on port 56012
1591991927231	Marionette	WARN	TLS certificate errors will be ignored for this session
JavaScript warning: https://assets.adobedtm.com/launch-EN048473b7b22f4c66a2858404e3c8219d.min.js, line 8: Error: WebGL warning: <SetDimensions>: Can't use WebGL in headless mode (https://bugzil.la/1375585).
JavaScript warning: https://assets.adobedtm.com/launch-EN048473b7b22f4c66a2858404e3c8219d.min.js, line 8: Error: WebGL warning: <SetDimensions>: Failed to create WebGL context: WebGL creation failed: 
* Can't use WebGL in headless mode (https://bugzil.la/1375585).
JavaScript warning: https://assets.adobedtm.com/launch-EN048473b7b22f4c66a2858404e3c8219d.min.js, line 8: Error: WebGL warning: <SetDimensions>: Can't use WebGL in headless mode (https://bugzil.la/1375585).
JavaScript warning: https://assets.adobedtm.com/launch-EN048473b7b22f4c66a2858404e3c8219d.min.js, line 8: Error: WebGL warning: <SetDimensions>: Failed to create WebGL context: WebGL creation failed: 
* Can't use WebGL in headless mode (https://bugzil.la/1375585).
JavaScript error: https://bestbuycanada.my.salesforce.com/embeddedservice/5.0/frame/broadcast.esw.min.js, line 20: SecurityError: The operation is insecure.
JavaScript error: https://bestbuycanada.my.salesforce.com/embeddedservice/5.0/frame/session.esw.min.js, line 1: SecurityError: The operation is insecure.
JavaScript error: https://bestbuycanada.my.salesforce.com/embeddedservice/5.0/frame/chasitor.esw.min.js, line 1: TypeError: A.broadcastAPI is undefined
1591991944374	Marionette	INFO	Stopped listening on port 56012
1591991969860	mozrunner::runner	INFO	Running command: "C:\\Program Files\\Mozilla Firefox\\firefox.exe" "-marionette" "-headless" "-foreground" "-no-remote" "-profile" "C:\\Users\\isaac\\AppData\\Local\\Temp\\rust_mozprofile.OkdjDhxBIzzB"
*** You are running in headless mode.
1591991970183	addons.webextension.doh-rollout@mozilla.org	WARN	Loading extension 'doh-rollout@mozilla.org': Reading manifest: Invalid extension permission: networkStatus
1591991970513	addons.webextension.screenshots@mozilla.org	WARN	Loading extension 'screenshots@mozilla.org': Reading manifest: Invalid extension permission: mozillaAddons
1591991970513	addons.webextension.screenshots@mozilla.org	WARN	Loading extension 'screenshots@mozilla.org': Reading manifest: Invalid extension permission: telemetry
1591991970513	addons.webextension.screenshots@mozilla.org	WARN	Loading extension 'screenshots@mozilla.org': Reading manifest: Invalid extension permission: resource://pdf.js/
1591991970513	addons.webextension.screenshots@mozilla.org	WARN	Loading extension 'screenshots@mozilla.org': Reading manifest: Invalid extension permission: about:reader*
JavaScript error: resource://gre/modules/XULStore.jsm, line 66: Error: Can't find profile directory.
1591991971894	Marionette	INFO	Listening on port 56129
1591991971985	Marionette	WARN	TLS certificate errors will be ignored for this session
JavaScript warning: https://assets.adobedtm.com/launch-EN048473b7b22f4c66a2858404e3c8219d.min.js, line 8: Error: WebGL warning: <SetDimensions>: Can't use WebGL in headless mode (https://bugzil.la/1375585).
JavaScript warning: https://assets.adobedtm.com/launch-EN048473b7b22f4c66a2858404e3c8219d.min.js, line 8: Error: WebGL warning: <SetDimensions>: Failed to create WebGL context: WebGL creation failed: 
* Can't use WebGL in headless mode (https://bugzil.la/1375585).
JavaScript warning: https://assets.adobedtm.com/launch-EN048473b7b22f4c66a2858404e3c8219d.min.js, line 8: Error: WebGL warning: <SetDimensions>: Can't use WebGL in headless mode (https://bugzil.la/1375585).
JavaScript warning: https://assets.adobedtm.com/launch-EN048473b7b22f4c66a2858404e3c8219d.min.js, line 8: Error: WebGL warning: <SetDimensions>: Failed to create WebGL context: WebGL creation failed: 
* Can't use WebGL in headless mode (https://bugzil.la/1375585).
JavaScript error: https://bestbuycanada.my.salesforce.com/embeddedservice/5.0/frame/broadcast.esw.min.js, line 20: SecurityError: The operation is insecure.
JavaScript error: https://bestbuycanada.my.salesforce.com/embeddedservice/5.0/frame/session.esw.min.js, line 1: SecurityError: The operation is insecure.
JavaScript error: https://bestbuycanada.my.salesforce.com/embeddedservice/5.0/frame/chasitor.esw.min.js, line 1: TypeError: A.broadcastAPI is undefined
1591991988725	Marionette	INFO	Stopped listening on port 56129
1591992005181	mozrunner::runner	INFO	Running command: "C:\\Program Files\\Mozilla Firefox\\firefox.exe" "-marionette" "-headless" "-foreground" "-no-remote" "-profile" "C:\\Users\\isaac\\AppData\\Local\\Temp\\rust_mozprofile.bpzyEsgV4eF3"
*** You are running in headless mode.
1591992005497	addons.webextension.doh-rollout@mozilla.org	WARN	Loading extension 'doh-rollout@mozilla.org': Reading manifest: Invalid extension permission: networkStatus
1591992005815	addons.webextension.screenshots@mozilla.org	WARN	Loading extension 'screenshots@mozilla.org': Reading manifest: Invalid extension permission: mozillaAddons
1591992005815	addons.webextension.screenshots@mozilla.org	WARN	Loading extension 'screenshots@mozilla.org': Reading manifest: Invalid extension permission: telemetry
1591992005815	addons.webextension.screenshots@mozilla.org	WARN	Loading extension 'screenshots@mozilla.org': Reading manifest: Invalid extension permission: resource://pdf.js/
1591992005816	addons.webextension.screenshots@mozilla.org	WARN	Loading extension 'screenshots@mozilla.org': Reading manifest: Invalid extension permission: about:reader*
JavaScript error: resource://gre/modules/XULStore.jsm, line 66: Error: Can't find profile directory.
1591992007221	Marionette	INFO	Listening on port 56247
1591992007300	Marionette	WARN	TLS certificate errors will be ignored for this session
JavaScript warning: https://assets.adobedtm.com/launch-EN048473b7b22f4c66a2858404e3c8219d.min.js, line 8: Error: WebGL warning: <SetDimensions>: Can't use WebGL in headless mode (https://bugzil.la/1375585).
JavaScript warning: https://assets.adobedtm.com/launch-EN048473b7b22f4c66a2858404e3c8219d.min.js, line 8: Error: WebGL warning: <SetDimensions>: Failed to create WebGL context: WebGL creation failed: 
* Can't use WebGL in headless mode (https://bugzil.la/1375585).
JavaScript warning: https://assets.adobedtm.com/launch-EN048473b7b22f4c66a2858404e3c8219d.min.js, line 8: Error: WebGL warning: <SetDimensions>: Can't use WebGL in headless mode (https://bugzil.la/1375585).
JavaScript warning: https://assets.adobedtm.com/launch-EN048473b7b22f4c66a2858404e3c8219d.min.js, line 8: Error: WebGL warning: <SetDimensions>: Failed to create WebGL context: WebGL creation failed: 
* Can't use WebGL in headless mode (https://bugzil.la/1375585).
JavaScript error: https://bestbuycanada.my.salesforce.com/embeddedservice/5.0/frame/broadcast.esw.min.js, line 20: SecurityError: The operation is insecure.
JavaScript error: https://bestbuycanada.my.salesforce.com/embeddedservice/5.0/frame/session.esw.min.js, line 1: SecurityError: The operation is insecure.
JavaScript error: https://bestbuycanada.my.salesforce.com/embeddedservice/5.0/frame/chasitor.esw.min.js, line 1: TypeError: A.broadcastAPI is undefined
1591992024496	Marionette	INFO	Stopped listening on port 56247
1591992243609	mozrunner::runner	INFO	Running command: "C:\\Program Files\\Mozilla Firefox\\firefox.exe" "-marionette" "-headless" "-foreground" "-no-remote" "-profile" "C:\\Users\\isaac\\AppData\\Local\\Temp\\rust_mozprofile.PJOipKhiEeVd"
*** You are running in headless mode.
1591992243932	addons.webextension.doh-rollout@mozilla.org	WARN	Loading extension 'doh-rollout@mozilla.org': Reading manifest: Invalid extension permission: networkStatus
1591992244250	addons.webextension.screenshots@mozilla.org	WARN	Loading extension 'screenshots@mozilla.org': Reading manifest: Invalid extension permission: mozillaAddons
1591992244250	addons.webextension.screenshots@mozilla.org	WARN	Loading extension 'screenshots@mozilla.org': Reading manifest: Invalid extension permission: telemetry
1591992244250	addons.webextension.screenshots@mozilla.org	WARN	Loading extension 'screenshots@mozilla.org': Reading manifest: Invalid extension permission: resource://pdf.js/
1591992244250	addons.webextension.screenshots@mozilla.org	WARN	Loading extension 'screenshots@mozilla.org': Reading manifest: Invalid extension permission: about:reader*
JavaScript error: resource://gre/modules/XULStore.jsm, line 66: Error: Can't find profile directory.
1591992245598	Marionette	INFO	Listening on port 56505
1591992245617	Marionette	WARN	TLS certificate errors will be ignored for this session
JavaScript warning: https://assets.adobedtm.com/launch-EN048473b7b22f4c66a2858404e3c8219d.min.js, line 8: Error: WebGL warning: <SetDimensions>: Can't use WebGL in headless mode (https://bugzil.la/1375585).
JavaScript warning: https://assets.adobedtm.com/launch-EN048473b7b22f4c66a2858404e3c8219d.min.js, line 8: Error: WebGL warning: <SetDimensions>: Failed to create WebGL context: WebGL creation failed: 
* Can't use WebGL in headless mode (https://bugzil.la/1375585).
JavaScript warning: https://assets.adobedtm.com/launch-EN048473b7b22f4c66a2858404e3c8219d.min.js, line 8: Error: WebGL warning: <SetDimensions>: Can't use WebGL in headless mode (https://bugzil.la/1375585).
JavaScript warning: https://assets.adobedtm.com/launch-EN048473b7b22f4c66a2858404e3c8219d.min.js, line 8: Error: WebGL warning: <SetDimensions>: Failed to create WebGL context: WebGL creation failed: 
* Can't use WebGL in headless mode (https://bugzil.la/1375585).
JavaScript error: https://bestbuycanada.my.salesforce.com/embeddedservice/5.0/frame/broadcast.esw.min.js, line 20: SecurityError: The operation is insecure.
JavaScript error: https://bestbuycanada.my.salesforce.com/embeddedservice/5.0/frame/session.esw.min.js, line 1: SecurityError: The operation is insecure.
JavaScript error: https://bestbuycanada.my.salesforce.com/embeddedservice/5.0/frame/chasitor.esw.min.js, line 1: TypeError: A.broadcastAPI is undefined
1591992315403	mozrunner::runner	INFO	Running command: "C:\\Program Files\\Mozilla Firefox\\firefox.exe" "-marionette" "-headless" "-foreground" "-no-remote" "-profile" "C:\\Users\\isaac\\AppData\\Local\\Temp\\rust_mozprofile.DwmZIBbRTMz0"
*** You are running in headless mode.
1591992315728	addons.webextension.doh-rollout@mozilla.org	WARN	Loading extension 'doh-rollout@mozilla.org': Reading manifest: Invalid extension permission: networkStatus
1591992316117	addons.webextension.screenshots@mozilla.org	WARN	Loading extension 'screenshots@mozilla.org': Reading manifest: Invalid extension permission: mozillaAddons
1591992316117	addons.webextension.screenshots@mozilla.org	WARN	Loading extension 'screenshots@mozilla.org': Reading manifest: Invalid extension permission: telemetry
1591992316117	addons.webextension.screenshots@mozilla.org	WARN	Loading extension 'screenshots@mozilla.org': Reading manifest: Invalid extension permission: resource://pdf.js/
1591992316117	addons.webextension.screenshots@mozilla.org	WARN	Loading extension 'screenshots@mozilla.org': Reading manifest: Invalid extension permission: about:reader*
JavaScript error: resource://gre/modules/XULStore.jsm, line 66: Error: Can't find profile directory.
1591992317591	Marionette	INFO	Listening on port 56665
1591992318013	Marionette	WARN	TLS certificate errors will be ignored for this session
JavaScript warning: https://assets.adobedtm.com/launch-EN048473b7b22f4c66a2858404e3c8219d.min.js, line 8: Error: WebGL warning: <SetDimensions>: Can't use WebGL in headless mode (https://bugzil.la/1375585).
JavaScript warning: https://assets.adobedtm.com/launch-EN048473b7b22f4c66a2858404e3c8219d.min.js, line 8: Error: WebGL warning: <SetDimensions>: Failed to create WebGL context: WebGL creation failed: 
* Can't use WebGL in headless mode (https://bugzil.la/1375585).
JavaScript warning: https://assets.adobedtm.com/launch-EN048473b7b22f4c66a2858404e3c8219d.min.js, line 8: Error: WebGL warning: <SetDimensions>: Can't use WebGL in headless mode (https://bugzil.la/1375585).
JavaScript warning: https://assets.adobedtm.com/launch-EN048473b7b22f4c66a2858404e3c8219d.min.js, line 8: Error: WebGL warning: <SetDimensions>: Failed to create WebGL context: WebGL creation failed: 
* Can't use WebGL in headless mode (https://bugzil.la/1375585).
JavaScript error: https://bestbuycanada.my.salesforce.com/embeddedservice/5.0/frame/broadcast.esw.min.js, line 20: SecurityError: The operation is insecure.
JavaScript error: https://bestbuycanada.my.salesforce.com/embeddedservice/5.0/frame/session.esw.min.js, line 1: SecurityError: The operation is insecure.
JavaScript error: https://bestbuycanada.my.salesforce.com/embeddedservice/5.0/frame/chasitor.esw.min.js, line 1: TypeError: A.broadcastAPI is undefined
1591992325303	Marionette	INFO	Stopped listening on port 56665
